<?xml version="1.0" encoding="UTF-8"?>
<testsuite name="Buscar tarifario." tests="1" skipped="0" failures="0" errors="0" timestamp="2020-08-24T16:26:16" hostname="CHMEP87Y4Q12" time="38.658">
  <properties/>
  <testcase name="Tasas de interés y montos mínimos de apertura de Depósitos." classname="Buscar tarifario." time="38.658"/>
  <system-out><![CDATA[    ?[32mDado ?[0m?[32mque el ?[0m?[32m?[1mUsuario?[0m?[32m ingreso al portal web?[0m                                                 ?[90m# IngresoPortalWebStepDefinition.queElUsuarioIngresoAlPortalWeb(String)?[0m
    ?[32mCuando ?[0m?[32mbusca el tarifario?[0m                                                                 ?[90m# TasaIntereseMontosMinimosAperturaDepositosStepDefinitions.buscaTarifario()?[0m
    ?[32mEntonces ?[0m?[32mDescarga el documento Tasas de interés y montos mínimos de apertura de Depósitos?[0m ?[90m# TasaIntereseMontosMinimosAperturaDepositosStepDefinitions.descargaDocumen()?[0m
]]></system-out>
  <system-err><![CDATA[ago 24, 2020 11:26:19 AM org.openqa.selenium.remote.DesiredCapabilities chrome
INFORMACIÓN: Using `new ChromeOptions()` is preferred to `DesiredCapabilities.chrome()`
[Test worker] INFO net.serenitybdd.core.webdriver.driverproviders.ProvideNewDriver - Instantiating driver
[Test worker] INFO net.serenitybdd.core.webdriver.driverproviders.ProvideNewDriver - Driver capabilities: Capabilities {acceptInsecureCerts: false, browserName: chrome, chrome.switches: --incognito;--start-maximiz..., goog:chromeOptions: {args: [--incognito, --start-maximized, --window-size=1920,1080], extensions: []}, loggingPrefs: org.openqa.selenium.logging..., platform: ANY, version: }
Starting ChromeDriver 84.0.4147.30 (48b3e868b4cc0aa7e8149519690b6f6949e110a8-refs/branch-heads/4147@{#310}) on port 29491
Only local connections are allowed.
Please see https://chromedriver.chromium.org/security-considerations for suggestions on keeping ChromeDriver safe.
ChromeDriver was started successfully.
ago 24, 2020 11:26:32 AM org.openqa.selenium.remote.ProtocolHandshake createSession
INFORMACIÓN: Detected dialect: W3C
[Test worker] INFO net.thucydides.core.steps.ConsoleLoggingListener - 
        __    _____ _____ ____ _____   ____   _    ____  ____  _____ ____  
  _     \ \  |_   _| ____/ ___|_   _| |  _ \ / \  / ___|/ ___|| ____|  _ \ 
 (_)_____| |   | | |  _| \___ \ | |   | |_) / _ \ \___ \\___ \|  _| | | | |
  _|_____| |   | | | |___ ___) || |   |  __/ ___ \ ___) |___) | |___| |_| |
 (_)     | |   |_| |_____|____/ |_|   |_| /_/   \_\____/|____/|_____|____/ 
        /_/                                                                

TEST PASSED: Tasas de interés y montos mínimos de apertura de Depósitos.
----------------------------------------------------------------------------
]]></system-err>
</testsuite>
